2018-06-07 19:14:34.671 [http-nio-8080-exec-8] INFO  com.my.blog.website.controller.admin.IndexController - Enter admin index method
2018-06-07 19:14:34.671 [http-nio-8080-exec-8] DEBUG com.my.blog.website.service.impl.SiteServiceImpl - Enter getStatistics method
2018-06-07 19:16:27.775 [http-nio-8080-exec-1] INFO  com.my.blog.website.controller.admin.IndexController - Enter admin index method
2018-06-07 19:16:27.775 [http-nio-8080-exec-1] DEBUG com.my.blog.website.service.impl.SiteServiceImpl - Enter getStatistics method
2018-06-07 19:16:32.718 [http-nio-8080-exec-5] INFO  com.my.blog.website.controller.admin.IndexController - Enter admin index method
2018-06-07 19:16:32.719 [http-nio-8080-exec-5] DEBUG com.my.blog.website.service.impl.SiteServiceImpl - Enter getStatistics method
2018-06-07 19:19:19.601 [http-nio-8080-exec-7] INFO  com.my.blog.website.controller.admin.IndexController - Enter admin index method
2018-06-07 19:19:19.601 [http-nio-8080-exec-7] DEBUG com.my.blog.website.service.impl.SiteServiceImpl - Enter getStatistics method
2018-06-07 19:19:19.624 [http-nio-8080-exec-7] DEBUG com.my.blog.website.service.impl.SiteServiceImpl - exit getStatistics method!
2018-06-07 19:19:19.624 [http-nio-8080-exec-7] DEBUG com.my.blog.website.service.impl.SiteServiceImpl - Enter recentComments method:limit=5
2018-06-07 19:19:19.628 [http-nio-8080-exec-7] DEBUG com.my.blog.website.service.impl.SiteServiceImpl - Exit recentComments method
2018-06-07 19:19:19.628 [http-nio-8080-exec-7] DEBUG com.my.blog.website.service.impl.SiteServiceImpl - Enter recentContents method
2018-06-07 19:19:19.632 [http-nio-8080-exec-7] DEBUG com.my.blog.website.service.impl.SiteServiceImpl - exit recentContents method!
2018-06-07 19:19:19.632 [http-nio-8080-exec-7] DEBUG com.my.blog.website.service.impl.LogServiceImpl - Enter getLogs method:page=1,linit=5
2018-06-07 19:19:19.640 [http-nio-8080-exec-7] DEBUG com.my.blog.website.service.impl.LogServiceImpl - exit getLogs method
2018-06-07 19:19:19.640 [http-nio-8080-exec-7] DEBUG com.my.blog.website.controller.admin.IndexController - Exit admin index method
2018-06-07 19:23:44.893 [http-nio-8080-exec-7] INFO  com.my.blog.website.controller.admin.IndexController - Enter admin index method
2018-06-07 19:23:44.893 [http-nio-8080-exec-7] DEBUG com.my.blog.website.service.impl.SiteServiceImpl - Enter getStatistics method
2018-06-07 19:23:44.914 [http-nio-8080-exec-7] DEBUG com.my.blog.website.service.impl.SiteServiceImpl - exit getStatistics method!
2018-06-07 19:23:44.914 [http-nio-8080-exec-7] DEBUG com.my.blog.website.service.impl.SiteServiceImpl - Enter recentComments method:limit=5
2018-06-07 19:23:44.918 [http-nio-8080-exec-7] DEBUG com.my.blog.website.service.impl.SiteServiceImpl - Exit recentComments method
2018-06-07 19:23:44.918 [http-nio-8080-exec-7] DEBUG com.my.blog.website.service.impl.SiteServiceImpl - Enter recentContents method
2018-06-07 19:23:44.923 [http-nio-8080-exec-7] DEBUG com.my.blog.website.service.impl.SiteServiceImpl - exit recentContents method!
2018-06-07 19:23:44.923 [http-nio-8080-exec-7] DEBUG com.my.blog.website.service.impl.LogServiceImpl - Enter getLogs method:page=1,linit=5
2018-06-07 19:23:44.926 [http-nio-8080-exec-7] DEBUG com.my.blog.website.service.impl.LogServiceImpl - exit getLogs method
2018-06-07 19:23:44.927 [http-nio-8080-exec-7] DEBUG com.my.blog.website.controller.admin.IndexController - Exit admin index method
2018-06-07 19:26:14.095 [http-nio-8080-exec-7] INFO  com.my.blog.website.controller.admin.IndexController - Enter admin index method
2018-06-07 19:26:14.095 [http-nio-8080-exec-7] DEBUG com.my.blog.website.service.impl.SiteServiceImpl - Enter getStatistics method
2018-06-07 19:26:14.118 [http-nio-8080-exec-7] DEBUG com.my.blog.website.service.impl.SiteServiceImpl - exit getStatistics method!
2018-06-07 19:26:14.118 [http-nio-8080-exec-7] DEBUG com.my.blog.website.service.impl.SiteServiceImpl - Enter recentComments method:limit=5
2018-06-07 19:26:14.123 [http-nio-8080-exec-7] DEBUG com.my.blog.website.service.impl.SiteServiceImpl - Exit recentComments method
2018-06-07 19:26:14.123 [http-nio-8080-exec-7] DEBUG com.my.blog.website.service.impl.SiteServiceImpl - Enter recentContents method
2018-06-07 19:26:14.127 [http-nio-8080-exec-7] DEBUG com.my.blog.website.service.impl.SiteServiceImpl - exit recentContents method!
2018-06-07 19:26:14.127 [http-nio-8080-exec-7] DEBUG com.my.blog.website.service.impl.LogServiceImpl - Enter getLogs method:page=1,linit=5
2018-06-07 19:26:14.130 [http-nio-8080-exec-7] DEBUG com.my.blog.website.service.impl.LogServiceImpl - exit getLogs method
2018-06-07 19:26:14.131 [http-nio-8080-exec-7] DEBUG com.my.blog.website.controller.admin.IndexController - Exit admin index method
2018-06-07 19:30:24.357 [http-nio-8080-exec-3] INFO  com.my.blog.website.controller.admin.IndexController - Enter admin index method
2018-06-07 19:30:24.357 [http-nio-8080-exec-3] DEBUG com.my.blog.website.service.impl.SiteServiceImpl - Enter getStatistics method
2018-06-07 19:30:24.378 [http-nio-8080-exec-3] DEBUG com.my.blog.website.service.impl.SiteServiceImpl - exit getStatistics method!
2018-06-07 19:30:24.378 [http-nio-8080-exec-3] DEBUG com.my.blog.website.service.impl.SiteServiceImpl - Enter recentComments method:limit=5
2018-06-07 19:30:24.382 [http-nio-8080-exec-3] DEBUG com.my.blog.website.service.impl.SiteServiceImpl - Exit recentComments method
2018-06-07 19:30:24.382 [http-nio-8080-exec-3] DEBUG com.my.blog.website.service.impl.SiteServiceImpl - Enter recentContents method
2018-06-07 19:30:24.389 [http-nio-8080-exec-3] DEBUG com.my.blog.website.service.impl.SiteServiceImpl - exit recentContents method!
2018-06-07 19:30:24.389 [http-nio-8080-exec-3] DEBUG com.my.blog.website.service.impl.LogServiceImpl - Enter getLogs method:page=1,linit=5
2018-06-07 19:30:24.393 [http-nio-8080-exec-3] DEBUG com.my.blog.website.service.impl.LogServiceImpl - exit getLogs method
2018-06-07 19:30:24.393 [http-nio-8080-exec-3] DEBUG com.my.blog.website.controller.admin.IndexController - Exit admin index method
2018-06-07 19:31:16.596 [http-nio-8080-exec-7] INFO  com.my.blog.website.controller.admin.IndexController - Enter admin index method
2018-06-07 19:31:16.596 [http-nio-8080-exec-7] DEBUG com.my.blog.website.service.impl.SiteServiceImpl - Enter getStatistics method
2018-06-07 19:31:16.607 [http-nio-8080-exec-7] DEBUG com.my.blog.website.service.impl.SiteServiceImpl - exit getStatistics method!
2018-06-07 19:31:16.607 [http-nio-8080-exec-7] DEBUG com.my.blog.website.service.impl.SiteServiceImpl - Enter recentComments method:limit=5
2018-06-07 19:31:16.611 [http-nio-8080-exec-7] DEBUG com.my.blog.website.service.impl.SiteServiceImpl - Exit recentComments method
2018-06-07 19:31:16.611 [http-nio-8080-exec-7] DEBUG com.my.blog.website.service.impl.SiteServiceImpl - Enter recentContents method
2018-06-07 19:31:16.616 [http-nio-8080-exec-7] DEBUG com.my.blog.website.service.impl.SiteServiceImpl - exit recentContents method!
2018-06-07 19:31:16.616 [http-nio-8080-exec-7] DEBUG com.my.blog.website.service.impl.LogServiceImpl - Enter getLogs method:page=1,linit=5
2018-06-07 19:31:16.619 [http-nio-8080-exec-7] DEBUG com.my.blog.website.service.impl.LogServiceImpl - exit getLogs method
2018-06-07 19:31:16.619 [http-nio-8080-exec-7] DEBUG com.my.blog.website.controller.admin.IndexController - Exit admin index method
2018-06-07 21:27:13.181 [http-nio-8080-exec-6] INFO  com.my.blog.website.controller.admin.IndexController - Enter admin index method
2018-06-07 21:27:13.181 [http-nio-8080-exec-6] DEBUG com.my.blog.website.service.impl.SiteServiceImpl - Enter getStatistics method
2018-06-07 21:27:13.202 [http-nio-8080-exec-6] DEBUG com.my.blog.website.service.impl.SiteServiceImpl - exit getStatistics method!
2018-06-07 21:27:13.202 [http-nio-8080-exec-6] DEBUG com.my.blog.website.service.impl.SiteServiceImpl - Enter recentComments method:limit=5
2018-06-07 21:27:13.208 [http-nio-8080-exec-6] DEBUG com.my.blog.website.service.impl.SiteServiceImpl - Exit recentComments method
2018-06-07 21:27:13.208 [http-nio-8080-exec-6] DEBUG com.my.blog.website.service.impl.SiteServiceImpl - Enter recentContents method
2018-06-07 21:27:13.211 [http-nio-8080-exec-6] DEBUG com.my.blog.website.service.impl.SiteServiceImpl - exit recentContents method!
2018-06-07 21:27:13.211 [http-nio-8080-exec-6] DEBUG com.my.blog.website.service.impl.LogServiceImpl - Enter getLogs method:page=1,linit=5
2018-06-07 21:27:13.219 [http-nio-8080-exec-6] DEBUG com.my.blog.website.service.impl.LogServiceImpl - exit getLogs method
2018-06-07 21:27:13.219 [http-nio-8080-exec-6] DEBUG com.my.blog.website.controller.admin.IndexController - Exit admin index method
2018-06-07 21:27:32.444 [http-nio-8080-exec-10] INFO  com.my.blog.website.controller.admin.IndexController - Enter admin index method
2018-06-07 21:27:32.444 [http-nio-8080-exec-10] DEBUG com.my.blog.website.service.impl.SiteServiceImpl - Enter getStatistics method
2018-06-07 21:27:32.454 [http-nio-8080-exec-10] DEBUG com.my.blog.website.service.impl.SiteServiceImpl - exit getStatistics method!
2018-06-07 21:27:32.454 [http-nio-8080-exec-10] DEBUG com.my.blog.website.service.impl.SiteServiceImpl - Enter recentComments method:limit=5
2018-06-07 21:27:32.456 [http-nio-8080-exec-10] DEBUG com.my.blog.website.service.impl.SiteServiceImpl - Exit recentComments method
2018-06-07 21:27:32.456 [http-nio-8080-exec-10] DEBUG com.my.blog.website.service.impl.SiteServiceImpl - Enter recentContents method
2018-06-07 21:27:32.460 [http-nio-8080-exec-10] DEBUG com.my.blog.website.service.impl.SiteServiceImpl - exit recentContents method!
2018-06-07 21:27:32.460 [http-nio-8080-exec-10] DEBUG com.my.blog.website.service.impl.LogServiceImpl - Enter getLogs method:page=1,linit=5
2018-06-07 21:27:32.463 [http-nio-8080-exec-10] DEBUG com.my.blog.website.service.impl.LogServiceImpl - exit getLogs method
2018-06-07 21:27:32.463 [http-nio-8080-exec-10] DEBUG com.my.blog.website.controller.admin.IndexController - Exit admin index method
2018-06-07 21:37:02.596 [http-nio-8080-exec-9] INFO  com.my.blog.website.controller.admin.IndexController - Enter admin index method
2018-06-07 21:37:02.596 [http-nio-8080-exec-9] DEBUG com.my.blog.website.service.impl.SiteServiceImpl - Enter getStatistics method
2018-06-07 21:37:02.619 [http-nio-8080-exec-9] DEBUG com.my.blog.website.service.impl.SiteServiceImpl - exit getStatistics method!
2018-06-07 21:37:02.619 [http-nio-8080-exec-9] DEBUG com.my.blog.website.service.impl.SiteServiceImpl - Enter recentComments method:limit=5
2018-06-07 21:37:02.623 [http-nio-8080-exec-9] DEBUG com.my.blog.website.service.impl.SiteServiceImpl - Exit recentComments method
2018-06-07 21:37:02.623 [http-nio-8080-exec-9] DEBUG com.my.blog.website.service.impl.SiteServiceImpl - Enter recentContents method
2018-06-07 21:37:02.627 [http-nio-8080-exec-9] DEBUG com.my.blog.website.service.impl.SiteServiceImpl - exit recentContents method!
2018-06-07 21:37:02.627 [http-nio-8080-exec-9] DEBUG com.my.blog.website.service.impl.LogServiceImpl - Enter getLogs method:page=1,linit=5
2018-06-07 21:37:02.634 [http-nio-8080-exec-9] DEBUG com.my.blog.website.service.impl.LogServiceImpl - exit getLogs method
2018-06-07 21:37:02.634 [http-nio-8080-exec-9] DEBUG com.my.blog.website.controller.admin.IndexController - Exit admin index method
2018-06-07 21:37:41.959 [http-nio-8080-exec-3] INFO  com.my.blog.website.controller.admin.IndexController - Enter admin index method
2018-06-07 21:37:41.959 [http-nio-8080-exec-3] DEBUG com.my.blog.website.service.impl.SiteServiceImpl - Enter getStatistics method
2018-06-07 21:37:41.971 [http-nio-8080-exec-3] DEBUG com.my.blog.website.service.impl.SiteServiceImpl - exit getStatistics method!
2018-06-07 21:37:41.971 [http-nio-8080-exec-3] DEBUG com.my.blog.website.service.impl.SiteServiceImpl - Enter recentComments method:limit=5
2018-06-07 21:37:41.972 [http-nio-8080-exec-3] DEBUG com.my.blog.website.service.impl.SiteServiceImpl - Exit recentComments method
2018-06-07 21:37:41.972 [http-nio-8080-exec-3] DEBUG com.my.blog.website.service.impl.SiteServiceImpl - Enter recentContents method
2018-06-07 21:37:41.975 [http-nio-8080-exec-3] DEBUG com.my.blog.website.service.impl.SiteServiceImpl - exit recentContents method!
2018-06-07 21:37:41.975 [http-nio-8080-exec-3] DEBUG com.my.blog.website.service.impl.LogServiceImpl - Enter getLogs method:page=1,linit=5
2018-06-07 21:37:41.978 [http-nio-8080-exec-3] DEBUG com.my.blog.website.service.impl.LogServiceImpl - exit getLogs method
2018-06-07 21:37:41.978 [http-nio-8080-exec-3] DEBUG com.my.blog.website.controller.admin.IndexController - Exit admin index method
2018-06-07 21:37:45.690 [http-nio-8080-exec-4] INFO  com.my.blog.website.controller.admin.IndexController - Enter admin index method
2018-06-07 21:37:45.690 [http-nio-8080-exec-4] DEBUG com.my.blog.website.service.impl.SiteServiceImpl - Enter getStatistics method
2018-06-07 21:37:45.700 [http-nio-8080-exec-4] DEBUG com.my.blog.website.service.impl.SiteServiceImpl - exit getStatistics method!
2018-06-07 21:37:45.700 [http-nio-8080-exec-4] DEBUG com.my.blog.website.service.impl.SiteServiceImpl - Enter recentComments method:limit=5
2018-06-07 21:37:45.702 [http-nio-8080-exec-4] DEBUG com.my.blog.website.service.impl.SiteServiceImpl - Exit recentComments method
2018-06-07 21:37:45.702 [http-nio-8080-exec-4] DEBUG com.my.blog.website.service.impl.SiteServiceImpl - Enter recentContents method
2018-06-07 21:37:45.705 [http-nio-8080-exec-4] DEBUG com.my.blog.website.service.impl.SiteServiceImpl - exit recentContents method!
2018-06-07 21:37:45.705 [http-nio-8080-exec-4] DEBUG com.my.blog.website.service.impl.LogServiceImpl - Enter getLogs method:page=1,linit=5
2018-06-07 21:37:45.708 [http-nio-8080-exec-4] DEBUG com.my.blog.website.service.impl.LogServiceImpl - exit getLogs method
2018-06-07 21:37:45.708 [http-nio-8080-exec-4] DEBUG com.my.blog.website.controller.admin.IndexController - Exit admin index method
2018-06-07 21:38:03.623 [http-nio-8080-exec-1] INFO  com.my.blog.website.controller.admin.IndexController - Enter admin index method
2018-06-07 21:38:03.623 [http-nio-8080-exec-1] DEBUG com.my.blog.website.service.impl.SiteServiceImpl - Enter getStatistics method
2018-06-07 21:38:03.631 [http-nio-8080-exec-1] DEBUG com.my.blog.website.service.impl.SiteServiceImpl - exit getStatistics method!
2018-06-07 21:38:03.631 [http-nio-8080-exec-1] DEBUG com.my.blog.website.service.impl.SiteServiceImpl - Enter recentComments method:limit=5
2018-06-07 21:38:03.632 [http-nio-8080-exec-1] DEBUG com.my.blog.website.service.impl.SiteServiceImpl - Exit recentComments method
2018-06-07 21:38:03.632 [http-nio-8080-exec-1] DEBUG com.my.blog.website.service.impl.SiteServiceImpl - Enter recentContents method
2018-06-07 21:38:03.635 [http-nio-8080-exec-1] DEBUG com.my.blog.website.service.impl.SiteServiceImpl - exit recentContents method!
2018-06-07 21:38:03.635 [http-nio-8080-exec-1] DEBUG com.my.blog.website.service.impl.LogServiceImpl - Enter getLogs method:page=1,linit=5
2018-06-07 21:38:03.638 [http-nio-8080-exec-1] DEBUG com.my.blog.website.service.impl.LogServiceImpl - exit getLogs method
2018-06-07 21:38:03.638 [http-nio-8080-exec-1] DEBUG com.my.blog.website.controller.admin.IndexController - Exit admin index method
2018-06-07 21:38:08.108 [http-nio-8080-exec-2] INFO  com.my.blog.website.controller.admin.IndexController - Enter admin index method
2018-06-07 21:38:08.108 [http-nio-8080-exec-2] DEBUG com.my.blog.website.service.impl.SiteServiceImpl - Enter getStatistics method
2018-06-07 21:38:08.115 [http-nio-8080-exec-2] DEBUG com.my.blog.website.service.impl.SiteServiceImpl - exit getStatistics method!
2018-06-07 21:38:08.115 [http-nio-8080-exec-2] DEBUG com.my.blog.website.service.impl.SiteServiceImpl - Enter recentComments method:limit=5
2018-06-07 21:38:08.117 [http-nio-8080-exec-2] DEBUG com.my.blog.website.service.impl.SiteServiceImpl - Exit recentComments method
2018-06-07 21:38:08.117 [http-nio-8080-exec-2] DEBUG com.my.blog.website.service.impl.SiteServiceImpl - Enter recentContents method
2018-06-07 21:38:08.118 [http-nio-8080-exec-2] DEBUG com.my.blog.website.service.impl.SiteServiceImpl - exit recentContents method!
2018-06-07 21:38:08.119 [http-nio-8080-exec-2] DEBUG com.my.blog.website.service.impl.LogServiceImpl - Enter getLogs method:page=1,linit=5
2018-06-07 21:38:08.123 [http-nio-8080-exec-2] DEBUG com.my.blog.website.service.impl.LogServiceImpl - exit getLogs method
2018-06-07 21:38:08.123 [http-nio-8080-exec-2] DEBUG com.my.blog.website.controller.admin.IndexController - Exit admin index method
2018-06-07 21:38:12.042 [http-nio-8080-exec-8] INFO  com.my.blog.website.controller.admin.IndexController - Enter admin index method
2018-06-07 21:38:12.042 [http-nio-8080-exec-8] DEBUG com.my.blog.website.service.impl.SiteServiceImpl - Enter getStatistics method
2018-06-07 21:38:12.047 [http-nio-8080-exec-8] DEBUG com.my.blog.website.service.impl.SiteServiceImpl - exit getStatistics method!
2018-06-07 21:38:12.047 [http-nio-8080-exec-8] DEBUG com.my.blog.website.service.impl.SiteServiceImpl - Enter recentComments method:limit=5
2018-06-07 21:38:12.048 [http-nio-8080-exec-8] DEBUG com.my.blog.website.service.impl.SiteServiceImpl - Exit recentComments method
2018-06-07 21:38:12.048 [http-nio-8080-exec-8] DEBUG com.my.blog.website.service.impl.SiteServiceImpl - Enter recentContents method
2018-06-07 21:38:12.053 [http-nio-8080-exec-8] DEBUG com.my.blog.website.service.impl.SiteServiceImpl - exit recentContents method!
2018-06-07 21:38:12.053 [http-nio-8080-exec-8] DEBUG com.my.blog.website.service.impl.LogServiceImpl - Enter getLogs method:page=1,linit=5
2018-06-07 21:38:12.055 [http-nio-8080-exec-8] DEBUG com.my.blog.website.service.impl.LogServiceImpl - exit getLogs method
2018-06-07 21:38:12.055 [http-nio-8080-exec-8] DEBUG com.my.blog.website.controller.admin.IndexController - Exit admin index method
2018-06-07 21:38:17.286 [http-nio-8080-exec-3] INFO  com.my.blog.website.controller.admin.IndexController - Enter admin index method
2018-06-07 21:38:17.286 [http-nio-8080-exec-3] DEBUG com.my.blog.website.service.impl.SiteServiceImpl - Enter getStatistics method
2018-06-07 21:38:17.293 [http-nio-8080-exec-3] DEBUG com.my.blog.website.service.impl.SiteServiceImpl - exit getStatistics method!
2018-06-07 21:38:17.293 [http-nio-8080-exec-3] DEBUG com.my.blog.website.service.impl.SiteServiceImpl - Enter recentComments method:limit=5
2018-06-07 21:38:17.294 [http-nio-8080-exec-3] DEBUG com.my.blog.website.service.impl.SiteServiceImpl - Exit recentComments method
2018-06-07 21:38:17.294 [http-nio-8080-exec-3] DEBUG com.my.blog.website.service.impl.SiteServiceImpl - Enter recentContents method
2018-06-07 21:38:17.298 [http-nio-8080-exec-3] DEBUG com.my.blog.website.service.impl.SiteServiceImpl - exit recentContents method!
2018-06-07 21:38:17.298 [http-nio-8080-exec-3] DEBUG com.my.blog.website.service.impl.LogServiceImpl - Enter getLogs method:page=1,linit=5
2018-06-07 21:38:17.301 [http-nio-8080-exec-3] DEBUG com.my.blog.website.service.impl.LogServiceImpl - exit getLogs method
2018-06-07 21:38:17.301 [http-nio-8080-exec-3] DEBUG com.my.blog.website.controller.admin.IndexController - Exit admin index method
2018-06-07 21:38:21.233 [http-nio-8080-exec-9] INFO  com.my.blog.website.controller.admin.IndexController - Enter admin index method
2018-06-07 21:38:21.233 [http-nio-8080-exec-9] DEBUG com.my.blog.website.service.impl.SiteServiceImpl - Enter getStatistics method
2018-06-07 21:38:21.239 [http-nio-8080-exec-9] DEBUG com.my.blog.website.service.impl.SiteServiceImpl - exit getStatistics method!
2018-06-07 21:38:21.239 [http-nio-8080-exec-9] DEBUG com.my.blog.website.service.impl.SiteServiceImpl - Enter recentComments method:limit=5
2018-06-07 21:38:21.242 [http-nio-8080-exec-9] DEBUG com.my.blog.website.service.impl.SiteServiceImpl - Exit recentComments method
2018-06-07 21:38:21.242 [http-nio-8080-exec-9] DEBUG com.my.blog.website.service.impl.SiteServiceImpl - Enter recentContents method
2018-06-07 21:38:21.249 [http-nio-8080-exec-9] DEBUG com.my.blog.website.service.impl.SiteServiceImpl - exit recentContents method!
2018-06-07 21:38:21.249 [http-nio-8080-exec-9] DEBUG com.my.blog.website.service.impl.LogServiceImpl - Enter getLogs method:page=1,linit=5
2018-06-07 21:38:21.251 [http-nio-8080-exec-9] DEBUG com.my.blog.website.service.impl.LogServiceImpl - exit getLogs method
2018-06-07 21:38:21.251 [http-nio-8080-exec-9] DEBUG com.my.blog.website.controller.admin.IndexController - Exit admin index method
2018-06-07 23:31:27.027 [http-nio-8080-exec-7] INFO  com.my.blog.website.controller.admin.IndexController - Enter admin index method
2018-06-07 23:31:27.027 [http-nio-8080-exec-7] DEBUG com.my.blog.website.service.impl.SiteServiceImpl - Enter getStatistics method
2018-06-07 23:31:27.052 [http-nio-8080-exec-7] DEBUG com.my.blog.website.service.impl.SiteServiceImpl - exit getStatistics method!
2018-06-07 23:31:27.052 [http-nio-8080-exec-7] DEBUG com.my.blog.website.service.impl.SiteServiceImpl - Enter recentComments method:limit=5
2018-06-07 23:31:27.057 [http-nio-8080-exec-7] DEBUG com.my.blog.website.service.impl.SiteServiceImpl - Exit recentComments method
2018-06-07 23:31:27.057 [http-nio-8080-exec-7] DEBUG com.my.blog.website.service.impl.SiteServiceImpl - Enter recentContents method
2018-06-07 23:31:27.060 [http-nio-8080-exec-7] DEBUG com.my.blog.website.service.impl.SiteServiceImpl - exit recentContents method!
2018-06-07 23:31:27.060 [http-nio-8080-exec-7] DEBUG com.my.blog.website.service.impl.LogServiceImpl - Enter getLogs method:page=1,linit=5
2018-06-07 23:31:27.068 [http-nio-8080-exec-7] DEBUG com.my.blog.website.service.impl.LogServiceImpl - exit getLogs method
2018-06-07 23:31:27.068 [http-nio-8080-exec-7] DEBUG com.my.blog.website.controller.admin.IndexController - Exit admin index method
2018-06-08 09:20:55.060 [http-nio-8080-exec-7] INFO  com.my.blog.website.controller.admin.IndexController - Enter admin index method
2018-06-08 09:20:55.060 [http-nio-8080-exec-7] DEBUG com.my.blog.website.service.impl.SiteServiceImpl - Enter getStatistics method
2018-06-08 09:20:55.086 [http-nio-8080-exec-7] DEBUG com.my.blog.website.service.impl.SiteServiceImpl - exit getStatistics method!
2018-06-08 09:20:55.086 [http-nio-8080-exec-7] DEBUG com.my.blog.website.service.impl.SiteServiceImpl - Enter recentComments method:limit=5
2018-06-08 09:20:55.090 [http-nio-8080-exec-7] DEBUG com.my.blog.website.service.impl.SiteServiceImpl - Exit recentComments method
2018-06-08 09:20:55.091 [http-nio-8080-exec-7] DEBUG com.my.blog.website.service.impl.SiteServiceImpl - Enter recentContents method
2018-06-08 09:20:55.094 [http-nio-8080-exec-7] DEBUG com.my.blog.website.service.impl.SiteServiceImpl - exit recentContents method!
2018-06-08 09:20:55.094 [http-nio-8080-exec-7] DEBUG com.my.blog.website.service.impl.LogServiceImpl - Enter getLogs method:page=1,linit=5
2018-06-08 09:20:55.102 [http-nio-8080-exec-7] DEBUG com.my.blog.website.service.impl.LogServiceImpl - exit getLogs method
2018-06-08 09:20:55.102 [http-nio-8080-exec-7] DEBUG com.my.blog.website.controller.admin.IndexController - Exit admin index method
2018-06-08 09:35:44.205 [http-nio-8080-exec-6] INFO  com.my.blog.website.controller.admin.IndexController - Enter admin index method
2018-06-08 09:35:44.205 [http-nio-8080-exec-6] DEBUG com.my.blog.website.service.impl.SiteServiceImpl - Enter getStatistics method
2018-06-08 09:35:44.225 [http-nio-8080-exec-6] DEBUG com.my.blog.website.service.impl.SiteServiceImpl - exit getStatistics method!
2018-06-08 09:35:44.225 [http-nio-8080-exec-6] DEBUG com.my.blog.website.service.impl.SiteServiceImpl - Enter recentComments method:limit=5
2018-06-08 09:35:44.231 [http-nio-8080-exec-6] DEBUG com.my.blog.website.service.impl.SiteServiceImpl - Exit recentComments method
2018-06-08 09:35:44.231 [http-nio-8080-exec-6] DEBUG com.my.blog.website.service.impl.SiteServiceImpl - Enter recentContents method
2018-06-08 09:35:44.235 [http-nio-8080-exec-6] DEBUG com.my.blog.website.service.impl.SiteServiceImpl - exit recentContents method!
2018-06-08 09:35:44.235 [http-nio-8080-exec-6] DEBUG com.my.blog.website.service.impl.LogServiceImpl - Enter getLogs method:page=1,limit=5
2018-06-08 09:35:44.242 [http-nio-8080-exec-6] DEBUG com.my.blog.website.service.impl.LogServiceImpl - exit getLogs method
2018-06-08 09:35:44.243 [http-nio-8080-exec-6] DEBUG com.my.blog.website.controller.admin.IndexController - Exit admin index method
2018-06-08 10:22:36.284 [http-nio-8080-exec-8] INFO  com.my.blog.website.controller.admin.IndexController - Enter admin index method
2018-06-08 10:22:36.285 [http-nio-8080-exec-8] DEBUG com.my.blog.website.service.impl.SiteServiceImpl - Enter getStatistics method
2018-06-08 10:22:36.312 [http-nio-8080-exec-8] DEBUG com.my.blog.website.service.impl.SiteServiceImpl - exit getStatistics method!
2018-06-08 10:22:36.312 [http-nio-8080-exec-8] DEBUG com.my.blog.website.service.impl.SiteServiceImpl - Enter recentComments method:limit=5
2018-06-08 10:22:36.317 [http-nio-8080-exec-8] DEBUG com.my.blog.website.service.impl.SiteServiceImpl - Exit recentComments method
2018-06-08 10:22:36.317 [http-nio-8080-exec-8] DEBUG com.my.blog.website.service.impl.SiteServiceImpl - Enter recentContents method
2018-06-08 10:22:36.320 [http-nio-8080-exec-8] DEBUG com.my.blog.website.service.impl.SiteServiceImpl - exit recentContents method!
2018-06-08 10:22:36.320 [http-nio-8080-exec-8] DEBUG com.my.blog.website.service.impl.LogServiceImpl - Enter getLogs method:page=1,limit=5
2018-06-08 10:22:36.328 [http-nio-8080-exec-8] DEBUG com.my.blog.website.service.impl.LogServiceImpl - exit getLogs method
2018-06-08 10:22:36.328 [http-nio-8080-exec-8] DEBUG com.my.blog.website.controller.admin.IndexController - Exit admin index method
2018-06-08 10:28:00.389 [http-nio-8080-exec-5] INFO  com.my.blog.website.controller.admin.IndexController - Enter admin index method
2018-06-08 10:28:00.389 [http-nio-8080-exec-5] DEBUG com.my.blog.website.service.impl.SiteServiceImpl - Enter getStatistics method
2018-06-08 10:28:00.410 [http-nio-8080-exec-5] DEBUG com.my.blog.website.service.impl.SiteServiceImpl - exit getStatistics method!
2018-06-08 10:28:00.410 [http-nio-8080-exec-5] DEBUG com.my.blog.website.service.impl.SiteServiceImpl - Enter recentComments method:limit=5
2018-06-08 10:28:00.418 [http-nio-8080-exec-5] DEBUG com.my.blog.website.service.impl.SiteServiceImpl - Exit recentComments method
2018-06-08 10:28:00.418 [http-nio-8080-exec-5] DEBUG com.my.blog.website.service.impl.SiteServiceImpl - Enter recentContents method
2018-06-08 10:28:00.421 [http-nio-8080-exec-5] DEBUG com.my.blog.website.service.impl.SiteServiceImpl - exit recentContents method!
2018-06-08 10:28:00.421 [http-nio-8080-exec-5] DEBUG com.my.blog.website.service.impl.LogServiceImpl - Enter getLogs method:page=1,limit=5
2018-06-08 10:28:00.429 [http-nio-8080-exec-5] DEBUG com.my.blog.website.service.impl.LogServiceImpl - exit getLogs method
2018-06-08 10:28:00.429 [http-nio-8080-exec-5] DEBUG com.my.blog.website.controller.admin.IndexController - Exit admin index method
